***Keyword: LPAR ***Line: 0  ***Col: 15
***Variable: argn ***Line: 0  ***Col: 17
***Variable: argc ***Line: 0  ***Col: 34
***Keyword: RPAR ***Line: 0  ***Col: 56
***Variable: argn ***Line: 5  ***Col: 0
***Keyword: AFF ***Line: 5  ***Col: 5
***axiom
***Integer: 10 ***Line: 5  ***Col: 7
***Keyword: SEMIC ***Line: 5  ***Col: 10
***expr Line:5  Col:7 
***axiom
***stm
***Variable: argn ***Line: 6  ***Col: 0
***axiom
***Keyword: AFF ***Line: 6  ***Col: 5
***axiom
***Variable: argn ***Line: 6  ***Col: 7
Error!!!!!!!!!! at Line: 6 Col: 7
Couldn't repair and continue parse at character 6 of input
parse error...
